<?xml version="1.0" encoding="UTF-8"?>
<!-- Generated by org.testng.reporters.JUnitXMLReporter -->
<testsuite ignored="0" hostname="LAPTOP-PJBQ57TH" failures="0" tests="13" name="Business-Rules-Tests" time="2.215" errors="0" timestamp="2026-09-17T02:26:39 ICT">
  <testcase classname="com.arena3.service.PricingServiceTest" name="testApplyDiscountRounding" time="0.015"/>
  <testcase classname="com.arena3.service.PricingServiceTest" name="testCourtSpecificPriceRulePriority" time="0.054"/>
  <testcase classname="com.arena3.service.PricingServiceTest" name="testLookupPriceDynamic" time="0.002"/>
  <testcase classname="com.arena3.service.PricingServiceTest" name="testLookupPriceDynamic" time="0.002"/>
  <testcase classname="com.arena3.service.PricingServiceTest" name="testLookupPriceDynamic" time="0.002"/>
  <testcase classname="com.arena3.service.PricingServiceTest" name="testLookupPriceDynamic" time="0.003"/>
  <testcase classname="com.arena3.service.PricingServiceTest" name="testMemberDiscountActiveSubscription" time="0.006"/>
  <testcase classname="com.arena3.service.PricingServiceTest" name="testMemberDiscountDifferentSport" time="0.002"/>
  <testcase classname="com.arena3.service.CourtBookingServiceTest" name="testCancelBookingSuccess" time="0.013"/>
  <testcase classname="com.arena3.service.CourtBookingServiceTest" name="testHoldBookingCourtInMaintenance" time="0.003"/>
  <testcase classname="com.arena3.service.CourtBookingServiceTest" name="testHoldBookingOverlapConflict" time="0.004"/>
  <testcase classname="com.arena3.service.CourtBookingServiceTest" name="testHoldBookingReplacesOldHold" time="0.012"/>
  <testcase classname="com.arena3.service.CourtBookingServiceTest" name="testHoldBookingSuccess" time="0.006"/>
</testsuite> <!-- Business-Rules-Tests -->
