<?xml version="1.0" encoding="UTF-8"?>
<!-- Generated by org.testng.reporters.JUnitReportReporter -->
<testsuite hostname="LAPTOP-PJBQ57TH" failures="0" tests="8" name="com.arena3.service.PricingServiceTest" time="1.757" errors="0" timestamp="2026-09-17T02:26:39 ICT" skipped="0">
  <testcase classname="com.arena3.service.PricingServiceTest" name="testLookupPriceDynamic" time="0.002"/>
  <testcase classname="com.arena3.service.PricingServiceTest" name="testCourtSpecificPriceRulePriority" time="0.056"/>
  <testcase classname="com.arena3.service.PricingServiceTest" name="testLookupPriceDynamic" time="0.004"/>
  <testcase classname="com.arena3.service.PricingServiceTest" name="testLookupPriceDynamic" time="0.004"/>
  <testcase classname="com.arena3.service.PricingServiceTest" name="testMemberDiscountActiveSubscription" time="0.007"/>
  <testcase classname="com.arena3.service.PricingServiceTest" name="testMemberDiscountDifferentSport" time="1.666"/>
  <testcase classname="com.arena3.service.PricingServiceTest" name="testLookupPriceDynamic" time="0.002"/>
  <testcase classname="com.arena3.service.PricingServiceTest" name="testApplyDiscountRounding" time="0.016"/>
</testsuite> <!-- com.arena3.service.PricingServiceTest -->
