<?xml version="1.0" encoding="UTF-8"?>
<!-- Generated by org.testng.reporters.JUnitReportReporter -->
<testsuite hostname="LAPTOP-PJBQ57TH" failures="0" tests="5" name="com.arena3.service.CourtBookingServiceTest" time="0.368" errors="0" timestamp="2026-09-17T02:26:39 ICT" skipped="0">
  <testcase classname="com.arena3.service.CourtBookingServiceTest" name="testHoldBookingOverlapConflict" time="0.006"/>
  <testcase classname="com.arena3.service.CourtBookingServiceTest" name="testHoldBookingCourtInMaintenance" time="0.326"/>
  <testcase classname="com.arena3.service.CourtBookingServiceTest" name="testCancelBookingSuccess" time="0.014"/>
  <testcase classname="com.arena3.service.CourtBookingServiceTest" name="testHoldBookingSuccess" time="0.008"/>
  <testcase classname="com.arena3.service.CourtBookingServiceTest" name="testHoldBookingReplacesOldHold" time="0.014"/>
</testsuite> <!-- com.arena3.service.CourtBookingServiceTest -->
